2017-04-13 16:16:28,061 ERROR [errorlog] java.lang.NoClassDefFoundError: org/apache/commons/codec/DecoderException
java.lang.NoClassDefFoundError: org/apache/commons/codec/DecoderException
	at org.apache.commons.httpclient.HttpMethodBase.<init>(HttpMethodBase.java:220)
	at org.apache.commons.httpclient.methods.GetMethod.<init>(GetMethod.java:89)
	at com.eviware.soapui.impl.wsdl.support.wsdl.UrlWsdlLoader.createGetMethod(UrlWsdlLoader.java:197)
	at com.eviware.soapui.impl.wsdl.support.wsdl.UrlWsdlLoader.load(UrlWsdlLoader.java:125)
	at com.eviware.soapui.impl.wsdl.support.wsdl.WsdlLoader.loadXmlObject(WsdlLoader.java:121)
	at com.eviware.soapui.impl.wsdl.support.xsd.SchemaUtils.getDefinitionParts(SchemaUtils.java:534)
	at com.eviware.soapui.impl.wsdl.support.xsd.SchemaUtils.getDefinitionParts(SchemaUtils.java:523)
	at com.eviware.soapui.impl.support.definition.support.AbstractDefinitionCache.update(AbstractDefinitionCache.java:97)
	at com.eviware.soapui.impl.support.definition.support.AbstractDefinitionContext$Loader.construct(AbstractDefinitionContext.java:226)
	at com.eviware.soapui.support.swing.SwingWorkerDelegator.construct(SwingWorkerDelegator.java:46)
	at com.eviware.soapui.support.swing.SwingWorker$2.run(SwingWorker.java:149)
	at java.lang.Thread.run(Unknown Source)
Caused by: java.lang.ClassNotFoundException: org.apache.commons.codec.DecoderException
	at java.net.URLClassLoader.findClass(Unknown Source)
	at java.lang.ClassLoader.loadClass(Unknown Source)
	at sun.misc.Launcher$AppClassLoader.loadClass(Unknown Source)
	at java.lang.ClassLoader.loadClass(Unknown Source)
	... 12 more
2017-04-13 16:16:28,083 ERROR [errorlog] java.lang.Exception: java.lang.NoClassDefFoundError: org/apache/commons/codec/DecoderException
java.lang.Exception: java.lang.NoClassDefFoundError: org/apache/commons/codec/DecoderException
	at com.eviware.soapui.impl.support.definition.support.AbstractDefinitionContext.load(AbstractDefinitionContext.java:162)
	at com.eviware.soapui.impl.wsdl.support.wsdl.WsdlImporter.importWsdl(WsdlImporter.java:89)
	at com.eviware.soapui.impl.WsdlInterfaceFactory.importWsdl(WsdlInterfaceFactory.java:75)
	at com.eviware.soapui.impl.WsdlInterfaceFactory.importWsdl(WsdlInterfaceFactory.java:57)
	at cn.edu.ustb.cbwstc.util.InvokeTest.testAgent(InvokeTest.java:31)
	at cn.edu.ustb.cbwstc.util.InvokeTest.main(InvokeTest.java:20)
Caused by: java.lang.NoClassDefFoundError: org/apache/commons/codec/DecoderException
	at org.apache.commons.httpclient.HttpMethodBase.<init>(HttpMethodBase.java:220)
	at org.apache.commons.httpclient.methods.GetMethod.<init>(GetMethod.java:89)
	at com.eviware.soapui.impl.wsdl.support.wsdl.UrlWsdlLoader.createGetMethod(UrlWsdlLoader.java:197)
	at com.eviware.soapui.impl.wsdl.support.wsdl.UrlWsdlLoader.load(UrlWsdlLoader.java:125)
	at com.eviware.soapui.impl.wsdl.support.wsdl.WsdlLoader.loadXmlObject(WsdlLoader.java:121)
	at com.eviware.soapui.impl.wsdl.support.xsd.SchemaUtils.getDefinitionParts(SchemaUtils.java:534)
	at com.eviware.soapui.impl.wsdl.support.xsd.SchemaUtils.getDefinitionParts(SchemaUtils.java:523)
	at com.eviware.soapui.impl.support.definition.support.AbstractDefinitionCache.update(AbstractDefinitionCache.java:97)
	at com.eviware.soapui.impl.support.definition.support.AbstractDefinitionContext$Loader.construct(AbstractDefinitionContext.java:226)
	at com.eviware.soapui.support.swing.SwingWorkerDelegator.construct(SwingWorkerDelegator.java:46)
	at com.eviware.soapui.support.swing.SwingWorker$2.run(SwingWorker.java:149)
	at java.lang.Thread.run(Unknown Source)
Caused by: java.lang.ClassNotFoundException: org.apache.commons.codec.DecoderException
	at java.net.URLClassLoader.findClass(Unknown Source)
	at java.lang.ClassLoader.loadClass(Unknown Source)
	at sun.misc.Launcher$AppClassLoader.loadClass(Unknown Source)
	at java.lang.ClassLoader.loadClass(Unknown Source)
	... 12 more
2017-04-18 20:56:32,468 ERROR [errorlog] org.apache.xmlbeans.XmlException: Invalid QName value: Can't resolve prefix 'xsd'
org.apache.xmlbeans.XmlException: Invalid QName value: Can't resolve prefix 'xsd'
	at org.apache.xmlbeans.XmlBeans.wrappedException(XmlBeans.java:149)
	at org.apache.xmlbeans.XmlBeans.compileXmlBeans(XmlBeans.java:675)
	at org.apache.xmlbeans.XmlBeans.compileXsd(XmlBeans.java:553)
	at com.eviware.soapui.impl.wsdl.support.xsd.SchemaUtils.buildSchemaTypes(SchemaUtils.java:287)
	at cn.edu.ustb.cbwstc.wsdl.parser.GetParameter.A(GetParameter.java:42)
	at cn.edu.ustb.cbwstc.wsdl.parser.GetParameter.main(GetParameter.java:92)
Caused by: org.apache.xmlbeans.impl.values.XmlValueOutOfRangeException: Invalid QName value: Can't resolve prefix 'xsd'
	at org.apache.xmlbeans.impl.values.JavaQNameHolder.parse(JavaQNameHolder.java:140)
	at org.apache.xmlbeans.impl.values.JavaQNameHolder.set_text(JavaQNameHolder.java:158)
	at org.apache.xmlbeans.impl.values.XmlObjectBase.update_from_wscanon_text(XmlObjectBase.java:1180)
	at org.apache.xmlbeans.impl.values.XmlObjectBase.check_dated(XmlObjectBase.java:1319)
	at org.apache.xmlbeans.impl.values.JavaQNameHolder.getQNameValue(JavaQNameHolder.java:185)
	at org.apache.xmlbeans.impl.xb.xsdschema.impl.ElementImpl.getType(ElementImpl.java:754)
	at org.apache.xmlbeans.impl.schema.StscTranslator.translateElement(StscTranslator.java:1088)
	at org.apache.xmlbeans.impl.schema.StscComplexTypeResolver.translateContentModel(StscComplexTypeResolver.java:1274)
	at org.apache.xmlbeans.impl.schema.StscComplexTypeResolver.translateContentModel(StscComplexTypeResolver.java:1440)
	at org.apache.xmlbeans.impl.schema.StscComplexTypeResolver.resolveBasicComplexType(StscComplexTypeResolver.java:301)
	at org.apache.xmlbeans.impl.schema.StscComplexTypeResolver.resolveComplexType(StscComplexTypeResolver.java:262)
	at org.apache.xmlbeans.impl.schema.StscResolver.resolveType(StscResolver.java:87)
	at org.apache.xmlbeans.impl.schema.StscResolver.resolveAll(StscResolver.java:59)
	at org.apache.xmlbeans.impl.schema.SchemaTypeSystemCompiler.compileImpl(SchemaTypeSystemCompiler.java:308)
	at org.apache.xmlbeans.impl.schema.SchemaTypeSystemCompiler.compile(SchemaTypeSystemCompiler.java:218)
	at sun.reflect.NativeMethodAccessorImpl.invoke0(Native Method)
	at sun.reflect.NativeMethodAccessorImpl.invoke(Unknown Source)
	at sun.reflect.DelegatingMethodAccessorImpl.invoke(Unknown Source)
	at java.lang.reflect.Method.invoke(Unknown Source)
	at org.apache.xmlbeans.XmlBeans.compileXmlBeans(XmlBeans.java:667)
	... 4 more
2017-04-25 18:19:28,100 ERROR [errorlog] org.apache.xmlbeans.XmlException: Invalid QName value: Can't resolve prefix 'tns'
org.apache.xmlbeans.XmlException: Invalid QName value: Can't resolve prefix 'tns'
	at org.apache.xmlbeans.XmlBeans.wrappedException(XmlBeans.java:149)
	at org.apache.xmlbeans.XmlBeans.compileXmlBeans(XmlBeans.java:675)
	at org.apache.xmlbeans.XmlBeans.compileXsd(XmlBeans.java:553)
	at com.eviware.soapui.impl.wsdl.support.xsd.SchemaUtils.buildSchemaTypes(SchemaUtils.java:287)
	at com.eviware.soapui.impl.wsdl.support.xsd.SchemaUtils.loadSchemaTypes(SchemaUtils.java:194)
	at com.eviware.soapui.impl.support.definition.support.XmlSchemaBasedInterfaceDefinition.loadSchemaTypes(XmlSchemaBasedInterfaceDefinition.java:79)
	at com.eviware.soapui.impl.wsdl.support.wsdl.WsdlInterfaceDefinition.load(WsdlInterfaceDefinition.java:61)
	at com.eviware.soapui.impl.wsdl.support.wsdl.WsdlContext.loadDefinition(WsdlContext.java:66)
	at com.eviware.soapui.impl.wsdl.support.wsdl.WsdlContext.loadDefinition(WsdlContext.java:30)
	at com.eviware.soapui.impl.support.definition.support.AbstractDefinitionContext.cacheDefinition(AbstractDefinitionContext.java:268)
	at com.eviware.soapui.impl.support.definition.support.AbstractDefinitionContext.access$400(AbstractDefinitionContext.java:44)
	at com.eviware.soapui.impl.support.definition.support.AbstractDefinitionContext$Loader.construct(AbstractDefinitionContext.java:235)
	at com.eviware.soapui.support.swing.SwingWorkerDelegator.construct(SwingWorkerDelegator.java:46)
	at com.eviware.soapui.support.swing.SwingWorker$2.run(SwingWorker.java:149)
	at java.lang.Thread.run(Unknown Source)
Caused by: org.apache.xmlbeans.impl.values.XmlValueOutOfRangeException: Invalid QName value: Can't resolve prefix 'tns'
	at org.apache.xmlbeans.impl.values.JavaQNameHolder.parse(JavaQNameHolder.java:140)
	at org.apache.xmlbeans.impl.values.JavaQNameHolder.set_text(JavaQNameHolder.java:158)
	at org.apache.xmlbeans.impl.values.XmlObjectBase.update_from_wscanon_text(XmlObjectBase.java:1180)
	at org.apache.xmlbeans.impl.values.XmlObjectBase.check_dated(XmlObjectBase.java:1319)
	at org.apache.xmlbeans.impl.values.JavaQNameHolder.getQNameValue(JavaQNameHolder.java:185)
	at org.apache.xmlbeans.impl.xb.xsdschema.impl.ElementImpl.getType(ElementImpl.java:754)
	at org.apache.xmlbeans.impl.schema.StscTranslator.translateElement(StscTranslator.java:1088)
	at org.apache.xmlbeans.impl.schema.StscComplexTypeResolver.translateContentModel(StscComplexTypeResolver.java:1274)
	at org.apache.xmlbeans.impl.schema.StscComplexTypeResolver.translateContentModel(StscComplexTypeResolver.java:1440)
	at org.apache.xmlbeans.impl.schema.StscComplexTypeResolver.resolveBasicComplexType(StscComplexTypeResolver.java:301)
	at org.apache.xmlbeans.impl.schema.StscComplexTypeResolver.resolveComplexType(StscComplexTypeResolver.java:262)
	at org.apache.xmlbeans.impl.schema.StscResolver.resolveType(StscResolver.java:87)
	at org.apache.xmlbeans.impl.schema.StscResolver.resolveAll(StscResolver.java:59)
	at org.apache.xmlbeans.impl.schema.SchemaTypeSystemCompiler.compileImpl(SchemaTypeSystemCompiler.java:308)
	at org.apache.xmlbeans.impl.schema.SchemaTypeSystemCompiler.compile(SchemaTypeSystemCompiler.java:218)
	at sun.reflect.NativeMethodAccessorImpl.invoke0(Native Method)
	at sun.reflect.NativeMethodAccessorImpl.invoke(Unknown Source)
	at sun.reflect.DelegatingMethodAccessorImpl.invoke(Unknown Source)
	at java.lang.reflect.Method.invoke(Unknown Source)
	at org.apache.xmlbeans.XmlBeans.compileXmlBeans(XmlBeans.java:667)
	... 13 more
2017-04-25 18:19:28,132 ERROR [errorlog] com.eviware.soapui.impl.wsdl.support.xsd.SchemaException
com.eviware.soapui.impl.wsdl.support.xsd.SchemaException
	at com.eviware.soapui.impl.wsdl.support.xsd.SchemaUtils.buildSchemaTypes(SchemaUtils.java:297)
	at com.eviware.soapui.impl.wsdl.support.xsd.SchemaUtils.loadSchemaTypes(SchemaUtils.java:194)
	at com.eviware.soapui.impl.support.definition.support.XmlSchemaBasedInterfaceDefinition.loadSchemaTypes(XmlSchemaBasedInterfaceDefinition.java:79)
	at com.eviware.soapui.impl.wsdl.support.wsdl.WsdlInterfaceDefinition.load(WsdlInterfaceDefinition.java:61)
	at com.eviware.soapui.impl.wsdl.support.wsdl.WsdlContext.loadDefinition(WsdlContext.java:66)
	at com.eviware.soapui.impl.wsdl.support.wsdl.WsdlContext.loadDefinition(WsdlContext.java:30)
	at com.eviware.soapui.impl.support.definition.support.AbstractDefinitionContext.cacheDefinition(AbstractDefinitionContext.java:268)
	at com.eviware.soapui.impl.support.definition.support.AbstractDefinitionContext.access$400(AbstractDefinitionContext.java:44)
	at com.eviware.soapui.impl.support.definition.support.AbstractDefinitionContext$Loader.construct(AbstractDefinitionContext.java:235)
	at com.eviware.soapui.support.swing.SwingWorkerDelegator.construct(SwingWorkerDelegator.java:46)
	at com.eviware.soapui.support.swing.SwingWorker$2.run(SwingWorker.java:149)
	at java.lang.Thread.run(Unknown Source)
2017-04-25 18:19:28,148 ERROR [errorlog] com.eviware.soapui.impl.wsdl.support.xsd.SchemaException
com.eviware.soapui.impl.wsdl.support.xsd.SchemaException
	at com.eviware.soapui.impl.wsdl.support.xsd.SchemaUtils.buildSchemaTypes(SchemaUtils.java:297)
	at com.eviware.soapui.impl.wsdl.support.xsd.SchemaUtils.loadSchemaTypes(SchemaUtils.java:194)
	at com.eviware.soapui.impl.support.definition.support.XmlSchemaBasedInterfaceDefinition.loadSchemaTypes(XmlSchemaBasedInterfaceDefinition.java:79)
	at com.eviware.soapui.impl.wsdl.support.wsdl.WsdlInterfaceDefinition.load(WsdlInterfaceDefinition.java:61)
	at com.eviware.soapui.impl.wsdl.support.wsdl.WsdlContext.loadDefinition(WsdlContext.java:66)
	at com.eviware.soapui.impl.wsdl.support.wsdl.WsdlContext.loadDefinition(WsdlContext.java:30)
	at com.eviware.soapui.impl.support.definition.support.AbstractDefinitionContext.cacheDefinition(AbstractDefinitionContext.java:268)
	at com.eviware.soapui.impl.support.definition.support.AbstractDefinitionContext.access$400(AbstractDefinitionContext.java:44)
	at com.eviware.soapui.impl.support.definition.support.AbstractDefinitionContext$Loader.construct(AbstractDefinitionContext.java:235)
	at com.eviware.soapui.support.swing.SwingWorkerDelegator.construct(SwingWorkerDelegator.java:46)
	at com.eviware.soapui.support.swing.SwingWorker$2.run(SwingWorker.java:149)
	at java.lang.Thread.run(Unknown Source)
2017-04-25 18:19:28,648 ERROR [errorlog] org.apache.xmlbeans.XmlException: Invalid QName value: Can't resolve prefix 'tns'
org.apache.xmlbeans.XmlException: Invalid QName value: Can't resolve prefix 'tns'
	at org.apache.xmlbeans.XmlBeans.wrappedException(XmlBeans.java:149)
	at org.apache.xmlbeans.XmlBeans.compileXmlBeans(XmlBeans.java:675)
	at org.apache.xmlbeans.XmlBeans.compileXsd(XmlBeans.java:553)
	at com.eviware.soapui.impl.wsdl.support.xsd.SchemaUtils.buildSchemaTypes(SchemaUtils.java:287)
	at com.eviware.soapui.impl.wsdl.support.xsd.SchemaUtils.loadSchemaTypes(SchemaUtils.java:194)
	at com.eviware.soapui.impl.support.definition.support.XmlSchemaBasedInterfaceDefinition.loadSchemaTypes(XmlSchemaBasedInterfaceDefinition.java:79)
	at com.eviware.soapui.impl.wsdl.support.wsdl.WsdlInterfaceDefinition.load(WsdlInterfaceDefinition.java:61)
	at com.eviware.soapui.impl.wsdl.support.wsdl.WsdlContext.loadDefinition(WsdlContext.java:66)
	at com.eviware.soapui.impl.wsdl.support.wsdl.WsdlContext.loadDefinition(WsdlContext.java:30)
	at com.eviware.soapui.impl.support.definition.support.AbstractDefinitionContext.cacheDefinition(AbstractDefinitionContext.java:268)
	at com.eviware.soapui.impl.support.definition.support.AbstractDefinitionContext.access$400(AbstractDefinitionContext.java:44)
	at com.eviware.soapui.impl.support.definition.support.AbstractDefinitionContext$Loader.construct(AbstractDefinitionContext.java:235)
	at com.eviware.soapui.support.swing.SwingWorkerDelegator.construct(SwingWorkerDelegator.java:46)
	at com.eviware.soapui.support.swing.SwingWorker$2.run(SwingWorker.java:149)
	at java.lang.Thread.run(Unknown Source)
Caused by: org.apache.xmlbeans.impl.values.XmlValueOutOfRangeException: Invalid QName value: Can't resolve prefix 'tns'
	at org.apache.xmlbeans.impl.values.JavaQNameHolder.parse(JavaQNameHolder.java:140)
	at org.apache.xmlbeans.impl.values.JavaQNameHolder.set_text(JavaQNameHolder.java:158)
	at org.apache.xmlbeans.impl.values.XmlObjectBase.update_from_wscanon_text(XmlObjectBase.java:1180)
	at org.apache.xmlbeans.impl.values.XmlObjectBase.check_dated(XmlObjectBase.java:1319)
	at org.apache.xmlbeans.impl.values.JavaQNameHolder.getQNameValue(JavaQNameHolder.java:185)
	at org.apache.xmlbeans.impl.xb.xsdschema.impl.ElementImpl.getType(ElementImpl.java:754)
	at org.apache.xmlbeans.impl.schema.StscTranslator.translateElement(StscTranslator.java:1088)
	at org.apache.xmlbeans.impl.schema.StscComplexTypeResolver.translateContentModel(StscComplexTypeResolver.java:1274)
	at org.apache.xmlbeans.impl.schema.StscComplexTypeResolver.translateContentModel(StscComplexTypeResolver.java:1440)
	at org.apache.xmlbeans.impl.schema.StscComplexTypeResolver.resolveBasicComplexType(StscComplexTypeResolver.java:301)
	at org.apache.xmlbeans.impl.schema.StscComplexTypeResolver.resolveComplexType(StscComplexTypeResolver.java:262)
	at org.apache.xmlbeans.impl.schema.StscResolver.resolveType(StscResolver.java:87)
	at org.apache.xmlbeans.impl.schema.StscResolver.resolveAll(StscResolver.java:59)
	at org.apache.xmlbeans.impl.schema.SchemaTypeSystemCompiler.compileImpl(SchemaTypeSystemCompiler.java:308)
	at org.apache.xmlbeans.impl.schema.SchemaTypeSystemCompiler.compile(SchemaTypeSystemCompiler.java:218)
	at sun.reflect.NativeMethodAccessorImpl.invoke0(Native Method)
	at sun.reflect.NativeMethodAccessorImpl.invoke(Unknown Source)
	at sun.reflect.DelegatingMethodAccessorImpl.invoke(Unknown Source)
	at java.lang.reflect.Method.invoke(Unknown Source)
	at org.apache.xmlbeans.XmlBeans.compileXmlBeans(XmlBeans.java:667)
	... 13 more
2017-04-25 18:19:28,648 ERROR [errorlog] com.eviware.soapui.impl.wsdl.support.xsd.SchemaException
com.eviware.soapui.impl.wsdl.support.xsd.SchemaException
	at com.eviware.soapui.impl.wsdl.support.xsd.SchemaUtils.buildSchemaTypes(SchemaUtils.java:297)
	at com.eviware.soapui.impl.wsdl.support.xsd.SchemaUtils.loadSchemaTypes(SchemaUtils.java:194)
	at com.eviware.soapui.impl.support.definition.support.XmlSchemaBasedInterfaceDefinition.loadSchemaTypes(XmlSchemaBasedInterfaceDefinition.java:79)
	at com.eviware.soapui.impl.wsdl.support.wsdl.WsdlInterfaceDefinition.load(WsdlInterfaceDefinition.java:61)
	at com.eviware.soapui.impl.wsdl.support.wsdl.WsdlContext.loadDefinition(WsdlContext.java:66)
	at com.eviware.soapui.impl.wsdl.support.wsdl.WsdlContext.loadDefinition(WsdlContext.java:30)
	at com.eviware.soapui.impl.support.definition.support.AbstractDefinitionContext.cacheDefinition(AbstractDefinitionContext.java:268)
	at com.eviware.soapui.impl.support.definition.support.AbstractDefinitionContext.access$400(AbstractDefinitionContext.java:44)
	at com.eviware.soapui.impl.support.definition.support.AbstractDefinitionContext$Loader.construct(AbstractDefinitionContext.java:235)
	at com.eviware.soapui.support.swing.SwingWorkerDelegator.construct(SwingWorkerDelegator.java:46)
	at com.eviware.soapui.support.swing.SwingWorker$2.run(SwingWorker.java:149)
	at java.lang.Thread.run(Unknown Source)
2017-04-25 18:19:28,648 ERROR [errorlog] com.eviware.soapui.impl.wsdl.support.xsd.SchemaException
com.eviware.soapui.impl.wsdl.support.xsd.SchemaException
	at com.eviware.soapui.impl.wsdl.support.xsd.SchemaUtils.buildSchemaTypes(SchemaUtils.java:297)
	at com.eviware.soapui.impl.wsdl.support.xsd.SchemaUtils.loadSchemaTypes(SchemaUtils.java:194)
	at com.eviware.soapui.impl.support.definition.support.XmlSchemaBasedInterfaceDefinition.loadSchemaTypes(XmlSchemaBasedInterfaceDefinition.java:79)
	at com.eviware.soapui.impl.wsdl.support.wsdl.WsdlInterfaceDefinition.load(WsdlInterfaceDefinition.java:61)
	at com.eviware.soapui.impl.wsdl.support.wsdl.WsdlContext.loadDefinition(WsdlContext.java:66)
	at com.eviware.soapui.impl.wsdl.support.wsdl.WsdlContext.loadDefinition(WsdlContext.java:30)
	at com.eviware.soapui.impl.support.definition.support.AbstractDefinitionContext.cacheDefinition(AbstractDefinitionContext.java:268)
	at com.eviware.soapui.impl.support.definition.support.AbstractDefinitionContext.access$400(AbstractDefinitionContext.java:44)
	at com.eviware.soapui.impl.support.definition.support.AbstractDefinitionContext$Loader.construct(AbstractDefinitionContext.java:235)
	at com.eviware.soapui.support.swing.SwingWorkerDelegator.construct(SwingWorkerDelegator.java:46)
	at com.eviware.soapui.support.swing.SwingWorker$2.run(SwingWorker.java:149)
	at java.lang.Thread.run(Unknown Source)
2017-04-25 18:20:37,184 ERROR [errorlog] org.apache.xmlbeans.XmlException: E:\JustService.wsdl:0: error: src-element.3: Illegal to define a nested type when a type attribute is specified.
org.apache.xmlbeans.XmlException: E:\JustService.wsdl:0: error: src-element.3: Illegal to define a nested type when a type attribute is specified.
	at org.apache.xmlbeans.impl.schema.SchemaTypeSystemCompiler.compile(SchemaTypeSystemCompiler.java:226)
	at sun.reflect.NativeMethodAccessorImpl.invoke0(Native Method)
	at sun.reflect.NativeMethodAccessorImpl.invoke(Unknown Source)
	at sun.reflect.DelegatingMethodAccessorImpl.invoke(Unknown Source)
	at java.lang.reflect.Method.invoke(Unknown Source)
	at org.apache.xmlbeans.XmlBeans.compileXmlBeans(XmlBeans.java:667)
	at org.apache.xmlbeans.XmlBeans.compileXsd(XmlBeans.java:553)
	at com.eviware.soapui.impl.wsdl.support.xsd.SchemaUtils.buildSchemaTypes(SchemaUtils.java:287)
	at com.eviware.soapui.impl.wsdl.support.xsd.SchemaUtils.loadSchemaTypes(SchemaUtils.java:194)
	at com.eviware.soapui.impl.support.definition.support.XmlSchemaBasedInterfaceDefinition.loadSchemaTypes(XmlSchemaBasedInterfaceDefinition.java:79)
	at com.eviware.soapui.impl.wsdl.support.wsdl.WsdlInterfaceDefinition.load(WsdlInterfaceDefinition.java:61)
	at com.eviware.soapui.impl.wsdl.support.wsdl.WsdlContext.loadDefinition(WsdlContext.java:66)
	at com.eviware.soapui.impl.wsdl.support.wsdl.WsdlContext.loadDefinition(WsdlContext.java:30)
	at com.eviware.soapui.impl.support.definition.support.AbstractDefinitionContext.cacheDefinition(AbstractDefinitionContext.java:268)
	at com.eviware.soapui.impl.support.definition.support.AbstractDefinitionContext.access$400(AbstractDefinitionContext.java:44)
	at com.eviware.soapui.impl.support.definition.support.AbstractDefinitionContext$Loader.construct(AbstractDefinitionContext.java:235)
	at com.eviware.soapui.support.swing.SwingWorkerDelegator.construct(SwingWorkerDelegator.java:46)
	at com.eviware.soapui.support.swing.SwingWorker$2.run(SwingWorker.java:149)
	at java.lang.Thread.run(Unknown Source)
2017-04-25 18:20:37,184 ERROR [errorlog] com.eviware.soapui.impl.wsdl.support.xsd.SchemaException
com.eviware.soapui.impl.wsdl.support.xsd.SchemaException
	at com.eviware.soapui.impl.wsdl.support.xsd.SchemaUtils.buildSchemaTypes(SchemaUtils.java:297)
	at com.eviware.soapui.impl.wsdl.support.xsd.SchemaUtils.loadSchemaTypes(SchemaUtils.java:194)
	at com.eviware.soapui.impl.support.definition.support.XmlSchemaBasedInterfaceDefinition.loadSchemaTypes(XmlSchemaBasedInterfaceDefinition.java:79)
	at com.eviware.soapui.impl.wsdl.support.wsdl.WsdlInterfaceDefinition.load(WsdlInterfaceDefinition.java:61)
	at com.eviware.soapui.impl.wsdl.support.wsdl.WsdlContext.loadDefinition(WsdlContext.java:66)
	at com.eviware.soapui.impl.wsdl.support.wsdl.WsdlContext.loadDefinition(WsdlContext.java:30)
	at com.eviware.soapui.impl.support.definition.support.AbstractDefinitionContext.cacheDefinition(AbstractDefinitionContext.java:268)
	at com.eviware.soapui.impl.support.definition.support.AbstractDefinitionContext.access$400(AbstractDefinitionContext.java:44)
	at com.eviware.soapui.impl.support.definition.support.AbstractDefinitionContext$Loader.construct(AbstractDefinitionContext.java:235)
	at com.eviware.soapui.support.swing.SwingWorkerDelegator.construct(SwingWorkerDelegator.java:46)
	at com.eviware.soapui.support.swing.SwingWorker$2.run(SwingWorker.java:149)
	at java.lang.Thread.run(Unknown Source)
2017-04-25 18:20:37,184 ERROR [errorlog] com.eviware.soapui.impl.wsdl.support.xsd.SchemaException
com.eviware.soapui.impl.wsdl.support.xsd.SchemaException
	at com.eviware.soapui.impl.wsdl.support.xsd.SchemaUtils.buildSchemaTypes(SchemaUtils.java:297)
	at com.eviware.soapui.impl.wsdl.support.xsd.SchemaUtils.loadSchemaTypes(SchemaUtils.java:194)
	at com.eviware.soapui.impl.support.definition.support.XmlSchemaBasedInterfaceDefinition.loadSchemaTypes(XmlSchemaBasedInterfaceDefinition.java:79)
	at com.eviware.soapui.impl.wsdl.support.wsdl.WsdlInterfaceDefinition.load(WsdlInterfaceDefinition.java:61)
	at com.eviware.soapui.impl.wsdl.support.wsdl.WsdlContext.loadDefinition(WsdlContext.java:66)
	at com.eviware.soapui.impl.wsdl.support.wsdl.WsdlContext.loadDefinition(WsdlContext.java:30)
	at com.eviware.soapui.impl.support.definition.support.AbstractDefinitionContext.cacheDefinition(AbstractDefinitionContext.java:268)
	at com.eviware.soapui.impl.support.definition.support.AbstractDefinitionContext.access$400(AbstractDefinitionContext.java:44)
	at com.eviware.soapui.impl.support.definition.support.AbstractDefinitionContext$Loader.construct(AbstractDefinitionContext.java:235)
	at com.eviware.soapui.support.swing.SwingWorkerDelegator.construct(SwingWorkerDelegator.java:46)
	at com.eviware.soapui.support.swing.SwingWorker$2.run(SwingWorker.java:149)
	at java.lang.Thread.run(Unknown Source)
2017-04-25 18:20:37,325 ERROR [errorlog] org.apache.xmlbeans.XmlException: E:\JustService.wsdl:0: error: src-element.3: Illegal to define a nested type when a type attribute is specified.
org.apache.xmlbeans.XmlException: E:\JustService.wsdl:0: error: src-element.3: Illegal to define a nested type when a type attribute is specified.
	at org.apache.xmlbeans.impl.schema.SchemaTypeSystemCompiler.compile(SchemaTypeSystemCompiler.java:226)
	at sun.reflect.NativeMethodAccessorImpl.invoke0(Native Method)
	at sun.reflect.NativeMethodAccessorImpl.invoke(Unknown Source)
	at sun.reflect.DelegatingMethodAccessorImpl.invoke(Unknown Source)
	at java.lang.reflect.Method.invoke(Unknown Source)
	at org.apache.xmlbeans.XmlBeans.compileXmlBeans(XmlBeans.java:667)
	at org.apache.xmlbeans.XmlBeans.compileXsd(XmlBeans.java:553)
	at com.eviware.soapui.impl.wsdl.support.xsd.SchemaUtils.buildSchemaTypes(SchemaUtils.java:287)
	at com.eviware.soapui.impl.wsdl.support.xsd.SchemaUtils.loadSchemaTypes(SchemaUtils.java:194)
	at com.eviware.soapui.impl.support.definition.support.XmlSchemaBasedInterfaceDefinition.loadSchemaTypes(XmlSchemaBasedInterfaceDefinition.java:79)
	at com.eviware.soapui.impl.wsdl.support.wsdl.WsdlInterfaceDefinition.load(WsdlInterfaceDefinition.java:61)
	at com.eviware.soapui.impl.wsdl.support.wsdl.WsdlContext.loadDefinition(WsdlContext.java:66)
	at com.eviware.soapui.impl.wsdl.support.wsdl.WsdlContext.loadDefinition(WsdlContext.java:30)
	at com.eviware.soapui.impl.support.definition.support.AbstractDefinitionContext.cacheDefinition(AbstractDefinitionContext.java:268)
	at com.eviware.soapui.impl.support.definition.support.AbstractDefinitionContext.access$400(AbstractDefinitionContext.java:44)
	at com.eviware.soapui.impl.support.definition.support.AbstractDefinitionContext$Loader.construct(AbstractDefinitionContext.java:235)
	at com.eviware.soapui.support.swing.SwingWorkerDelegator.construct(SwingWorkerDelegator.java:46)
	at com.eviware.soapui.support.swing.SwingWorker$2.run(SwingWorker.java:149)
	at java.lang.Thread.run(Unknown Source)
2017-04-25 18:20:37,325 ERROR [errorlog] com.eviware.soapui.impl.wsdl.support.xsd.SchemaException
com.eviware.soapui.impl.wsdl.support.xsd.SchemaException
	at com.eviware.soapui.impl.wsdl.support.xsd.SchemaUtils.buildSchemaTypes(SchemaUtils.java:297)
	at com.eviware.soapui.impl.wsdl.support.xsd.SchemaUtils.loadSchemaTypes(SchemaUtils.java:194)
	at com.eviware.soapui.impl.support.definition.support.XmlSchemaBasedInterfaceDefinition.loadSchemaTypes(XmlSchemaBasedInterfaceDefinition.java:79)
	at com.eviware.soapui.impl.wsdl.support.wsdl.WsdlInterfaceDefinition.load(WsdlInterfaceDefinition.java:61)
	at com.eviware.soapui.impl.wsdl.support.wsdl.WsdlContext.loadDefinition(WsdlContext.java:66)
	at com.eviware.soapui.impl.wsdl.support.wsdl.WsdlContext.loadDefinition(WsdlContext.java:30)
	at com.eviware.soapui.impl.support.definition.support.AbstractDefinitionContext.cacheDefinition(AbstractDefinitionContext.java:268)
	at com.eviware.soapui.impl.support.definition.support.AbstractDefinitionContext.access$400(AbstractDefinitionContext.java:44)
	at com.eviware.soapui.impl.support.definition.support.AbstractDefinitionContext$Loader.construct(AbstractDefinitionContext.java:235)
	at com.eviware.soapui.support.swing.SwingWorkerDelegator.construct(SwingWorkerDelegator.java:46)
	at com.eviware.soapui.support.swing.SwingWorker$2.run(SwingWorker.java:149)
	at java.lang.Thread.run(Unknown Source)
2017-04-25 18:20:37,325 ERROR [errorlog] com.eviware.soapui.impl.wsdl.support.xsd.SchemaException
com.eviware.soapui.impl.wsdl.support.xsd.SchemaException
	at com.eviware.soapui.impl.wsdl.support.xsd.SchemaUtils.buildSchemaTypes(SchemaUtils.java:297)
	at com.eviware.soapui.impl.wsdl.support.xsd.SchemaUtils.loadSchemaTypes(SchemaUtils.java:194)
	at com.eviware.soapui.impl.support.definition.support.XmlSchemaBasedInterfaceDefinition.loadSchemaTypes(XmlSchemaBasedInterfaceDefinition.java:79)
	at com.eviware.soapui.impl.wsdl.support.wsdl.WsdlInterfaceDefinition.load(WsdlInterfaceDefinition.java:61)
	at com.eviware.soapui.impl.wsdl.support.wsdl.WsdlContext.loadDefinition(WsdlContext.java:66)
	at com.eviware.soapui.impl.wsdl.support.wsdl.WsdlContext.loadDefinition(WsdlContext.java:30)
	at com.eviware.soapui.impl.support.definition.support.AbstractDefinitionContext.cacheDefinition(AbstractDefinitionContext.java:268)
	at com.eviware.soapui.impl.support.definition.support.AbstractDefinitionContext.access$400(AbstractDefinitionContext.java:44)
	at com.eviware.soapui.impl.support.definition.support.AbstractDefinitionContext$Loader.construct(AbstractDefinitionContext.java:235)
	at com.eviware.soapui.support.swing.SwingWorkerDelegator.construct(SwingWorkerDelegator.java:46)
	at com.eviware.soapui.support.swing.SwingWorker$2.run(SwingWorker.java:149)
	at java.lang.Thread.run(Unknown Source)
2017-08-14 17:27:27,637 ERROR [errorlog] com.eviware.soapui.impl.support.definition.support.InvalidDefinitionException
com.eviware.soapui.impl.support.definition.support.InvalidDefinitionException
	at com.eviware.soapui.impl.wsdl.support.wsdl.WsdlLoader.loadXmlObject(WsdlLoader.java:138)
	at com.eviware.soapui.impl.wsdl.support.xsd.SchemaUtils.getDefinitionParts(SchemaUtils.java:534)
	at com.eviware.soapui.impl.wsdl.support.xsd.SchemaUtils.getDefinitionParts(SchemaUtils.java:523)
	at com.eviware.soapui.impl.support.definition.support.AbstractDefinitionCache.update(AbstractDefinitionCache.java:97)
	at com.eviware.soapui.impl.support.definition.support.AbstractDefinitionContext$Loader.construct(AbstractDefinitionContext.java:226)
	at com.eviware.soapui.support.swing.SwingWorkerDelegator.construct(SwingWorkerDelegator.java:46)
	at com.eviware.soapui.support.swing.SwingWorker$2.run(SwingWorker.java:149)
	at java.lang.Thread.run(Unknown Source)
